# JRE version: OpenJDK Runtime Environment JBR-11.0.9.1.11-1145.37-jcef (11.0.9.1+11) (build 11.0.9.1+11-b1145.37)
# Java VM: OpenJDK 64-Bit Server VM JBR-11.0.9.1.11-1145.37-jcef (11.0.9.1+11-b1145.37, mixed mode, tiered, compressed oops, g1 gc, windows-amd64)
Heap:
 garbage-first heap   total 131072K, used 25038K [0x00000000d1200000, 0x0000000100000000)
  region size 1024K, 22 young (22528K), 1 survivors (1024K)
 Metaspace       used 14973K, capacity 15540K, committed 15744K, reserved 1062912K
  class space    used 1458K, capacity 1644K, committed 1664K, reserved 1048576K
GC Heap History (6 events):
Event: 1.837 GC heap before
{Heap before GC invocations=0 (full 0):
 garbage-first heap   total 131072K, used 14336K [0x00000000d1200000, 0x0000000100000000)
  region size 1024K, 14 young (14336K), 0 survivors (0K)
 Metaspace       used 13077K, capacity 13480K, committed 13568K, reserved 1060864K
  class space    used 1339K, capacity 1506K, committed 1536K, reserved 1048576K
}
Event: 1.847 GC heap after
{Heap after GC invocations=1 (full 0):
 garbage-first heap   total 131072K, used 3606K [0x00000000d1200000, 0x0000000100000000)
  region size 1024K, 2 young (2048K), 2 survivors (2048K)
 Metaspace       used 13077K, capacity 13480K, committed 13568K, reserved 1060864K
  class space    used 1339K, capacity 1506K, committed 1536K, reserved 1048576K
}
Event: 2.085 GC heap before
{Heap before GC invocations=1 (full 0):
 garbage-first heap   total 131072K, used 7702K [0x00000000d1200000, 0x0000000100000000)
  region size 1024K, 6 young (6144K), 2 survivors (2048K)
 Metaspace       used 13824K, capacity 14301K, committed 14464K, reserved 1062912K
  class space    used 1397K, capacity 1578K, committed 1664K, reserved 1048576K
}
Event: 2.090 GC heap after
{Heap after GC invocations=2 (full 0):
 garbage-first heap   total 131072K, used 4272K [0x00000000d1200000, 0x0000000100000000)
  region size 1024K, 1 young (1024K), 1 survivors (1024K)
 Metaspace       used 13824K, capacity 14301K, committed 14464K, reserved 1062912K
  class space    used 1397K, capacity 1578K, committed 1664K, reserved 1048576K
}
Event: 4.370 GC heap before
{Heap before GC invocations=2 (full 0):
 garbage-first heap   total 131072K, used 24752K [0x00000000d1200000, 0x0000000100000000)
  region size 1024K, 21 young (21504K), 1 survivors (1024K)
 Metaspace       used 14723K, capacity 15216K, committed 15488K, reserved 1062912K
  class space    used 1455K, capacity 1644K, committed 1664K, reserved 1048576K
}
Event: 4.380 GC heap after
{Heap after GC invocations=3 (full 0):
 garbage-first heap   total 131072K, used 4558K [0x00000000d1200000, 0x0000000100000000)
  region size 1024K, 1 young (1024K), 1 survivors (1024K)
 Metaspace       used 14723K, capacity 15216K, committed 15488K, reserved 1062912K
  class space    used 1455K, capacity 1644K, committed 1664K, reserved 1048576K
}

